<?xml version="1.0" encoding="UTF-8"?>
<coverage generated="1637619692565" clover="3.2.0">
  <project timestamp="1637619692565" name="All files">
    <metrics statements="3" coveredstatements="3" conditionals="0" coveredconditionals="0" methods="3" coveredmethods="3" elements="6" coveredelements="6" complexity="0" loc="3" ncloc="3" packages="1" files="2" classes="2"/>
    <file name="ErrorComponent.jsx" path="/Users/adarshpatil/Documents/Masters/Sem 1/Zendesk/Ticket-Viewer/FrontEnd/src/components/ErrorComponent.jsx">
      <metrics statements="1" coveredstatements="1" conditionals="0" coveredconditionals="0" methods="1" coveredmethods="1"/>
      <line num="5" count="3" type="stmt"/>
    </file>
    <file name="TicketItem.jsx" path="/Users/adarshpatil/Documents/Masters/Sem 1/Zendesk/Ticket-Viewer/FrontEnd/src/components/TicketItem.jsx">
      <metrics statements="2" coveredstatements="2" conditionals="0" coveredconditionals="0" methods="2" coveredmethods="2"/>
      <line num="6" count="4" type="stmt"/>
      <line num="10" count="1" type="stmt"/>
    </file>
  </project>
</coverage>
