<?xml version="1.0" encoding="UTF-8"?>
<coverage generated="1637615649821" clover="3.2.0">
  <project timestamp="1637615649822" name="All files">
    <metrics statements="6" coveredstatements="6" conditionals="0" coveredconditionals="0" methods="4" coveredmethods="4" elements="10" coveredelements="10" complexity="0" loc="6" ncloc="6" packages="2" files="3" classes="3"/>
    <package name="components">
      <metrics statements="3" coveredstatements="3" conditionals="0" coveredconditionals="0" methods="3" coveredmethods="3"/>
      <file name="DisplaySelectedTicket.jsx" path="/Users/adarshpatil/Documents/Masters/Sem 1/Zendesk/Ticket-Viewer/FrontEnd/src/components/DisplaySelectedTicket.jsx">
        <metrics statements="1" coveredstatements="1" conditionals="0" coveredconditionals="0" methods="1" coveredmethods="1"/>
        <line num="11" count="1" type="stmt"/>
      </file>
      <file name="TicketItem.jsx" path="/Users/adarshpatil/Documents/Masters/Sem 1/Zendesk/Ticket-Viewer/FrontEnd/src/components/TicketItem.jsx">
        <metrics statements="2" coveredstatements="2" conditionals="0" coveredconditionals="0" methods="2" coveredmethods="2"/>
        <line num="6" count="4" type="stmt"/>
        <line num="7" count="1" type="stmt"/>
      </file>
    </package>
    <package name="utils">
      <metrics statements="3" coveredstatements="3" conditionals="0" coveredconditionals="0" methods="1" coveredmethods="1"/>
      <file name="util.js" path="/Users/adarshpatil/Documents/Masters/Sem 1/Zendesk/Ticket-Viewer/FrontEnd/src/utils/util.js">
        <metrics statements="3" coveredstatements="3" conditionals="0" coveredconditionals="0" methods="1" coveredmethods="1"/>
        <line num="1" count="3" type="stmt"/>
        <line num="2" count="6" type="stmt"/>
        <line num="3" count="6" type="stmt"/>
      </file>
    </package>
  </project>
</coverage>
