{"/Users/adarshpatil/Documents/Masters/Sem 1/Zendesk/Ticket-Viewer/FrontEnd/src/components/ErrorComponent.jsx": {"path":"/Users/adarshpatil/Documents/Masters/Sem 1/Zendesk/Ticket-Viewer/FrontEnd/src/components/ErrorComponent.jsx","statementMap":{"0":{"start":{"line":5,"column":2},"end":{"line":9,"column":4}}},"fnMap":{"0":{"name":"ErrorComponent","decl":{"start":{"line":4,"column":24},"end":{"line":4,"column":38}},"loc":{"start":{"line":4,"column":52},"end":{"line":10,"column":1}},"line":4}},"branchMap":{},"s":{"0":3},"f":{"0":3},"b":{},"_coverageSchema":"1a1c01bbd47fc00a2c39e90264f33305004495a9","hash":"914e994537251de4dcb22793ae1e90e110c399b4"}
,"/Users/adarshpatil/Documents/Masters/Sem 1/Zendesk/Ticket-Viewer/FrontEnd/src/components/TicketItem.jsx": {"path":"/Users/adarshpatil/Documents/Masters/Sem 1/Zendesk/Ticket-Viewer/FrontEnd/src/components/TicketItem.jsx","statementMap":{"0":{"start":{"line":6,"column":2},"end":{"line":33,"column":4}},"1":{"start":{"line":10,"column":21},"end":{"line":10,"column":38}}},"fnMap":{"0":{"name":"TicketItem","decl":{"start":{"line":5,"column":24},"end":{"line":5,"column":34}},"loc":{"start":{"line":5,"column":58},"end":{"line":34,"column":1}},"line":5},"1":{"name":"(anonymous_1)","decl":{"start":{"line":10,"column":15},"end":{"line":10,"column":16}},"loc":{"start":{"line":10,"column":21},"end":{"line":10,"column":38}},"line":10}},"branchMap":{},"s":{"0":4,"1":1},"f":{"0":4,"1":1},"b":{},"_coverageSchema":"1a1c01bbd47fc00a2c39e90264f33305004495a9","hash":"4058f20f8522a9fe55553cf2da927e67170adc04"}
}
