{"/Users/adarshpatil/Documents/Masters/Sem 1/Zendesk/Ticket-Viewer/FrontEnd/src/components/DisplaySelectedTicket.jsx": {"path":"/Users/adarshpatil/Documents/Masters/Sem 1/Zendesk/Ticket-Viewer/FrontEnd/src/components/DisplaySelectedTicket.jsx","statementMap":{"0":{"start":{"line":11,"column":2},"end":{"line":38,"column":4}}},"fnMap":{"0":{"name":"DisplaySelectedTicket","decl":{"start":{"line":6,"column":24},"end":{"line":6,"column":45}},"loc":{"start":{"line":10,"column":3},"end":{"line":39,"column":1}},"line":10}},"branchMap":{},"s":{"0":1},"f":{"0":1},"b":{},"_coverageSchema":"1a1c01bbd47fc00a2c39e90264f33305004495a9","hash":"c3e7a5a875c30e56cf9438615ba0c08944fe1928"}
,"/Users/adarshpatil/Documents/Masters/Sem 1/Zendesk/Ticket-Viewer/FrontEnd/src/components/TicketItem.jsx": {"path":"/Users/adarshpatil/Documents/Masters/Sem 1/Zendesk/Ticket-Viewer/FrontEnd/src/components/TicketItem.jsx","statementMap":{"0":{"start":{"line":6,"column":2},"end":{"line":29,"column":4}},"1":{"start":{"line":7,"column":47},"end":{"line":7,"column":64}}},"fnMap":{"0":{"name":"TicketItem","decl":{"start":{"line":5,"column":24},"end":{"line":5,"column":34}},"loc":{"start":{"line":5,"column":58},"end":{"line":30,"column":1}},"line":5},"1":{"name":"(anonymous_1)","decl":{"start":{"line":7,"column":41},"end":{"line":7,"column":42}},"loc":{"start":{"line":7,"column":47},"end":{"line":7,"column":64}},"line":7}},"branchMap":{},"s":{"0":4,"1":1},"f":{"0":4,"1":1},"b":{},"_coverageSchema":"1a1c01bbd47fc00a2c39e90264f33305004495a9","hash":"35d9b6fb08e868c35d59c8e62ee381655b29d3a9"}
,"/Users/adarshpatil/Documents/Masters/Sem 1/Zendesk/Ticket-Viewer/FrontEnd/src/utils/util.js": {"path":"/Users/adarshpatil/Documents/Masters/Sem 1/Zendesk/Ticket-Viewer/FrontEnd/src/utils/util.js","statementMap":{"0":{"start":{"line":1,"column":27},"end":{"line":4,"column":1}},"1":{"start":{"line":2,"column":24},"end":{"line":2,"column":37}},"2":{"start":{"line":3,"column":2},"end":{"line":3,"column":38}}},"fnMap":{"0":{"name":"(anonymous_0)","decl":{"start":{"line":1,"column":27},"end":{"line":1,"column":28}},"loc":{"start":{"line":1,"column":36},"end":{"line":4,"column":1}},"line":1}},"branchMap":{},"s":{"0":3,"1":6,"2":6},"f":{"0":6},"b":{},"_coverageSchema":"1a1c01bbd47fc00a2c39e90264f33305004495a9","hash":"dd4ac6026e4e9f50282b53e2d6b9a3943460f403"}
}
